# JRE version: OpenJDK Runtime Environment (11.0.18+10) (build 11.0.18+10-post-Ubuntu-0ubuntu120.04.1)
# Java VM: OpenJDK 64-Bit Server VM (11.0.18+10-post-Ubuntu-0ubuntu120.04.1, mixed mode, sharing, tiered, compressed oops, g1 gc, linux-amd64)
Heap:
 garbage-first heap   total 510976K, used 345143K [0x0000000080000000, 0x0000000100000000)
  region size 1024K, 94 young (96256K), 2 survivors (2048K)
 Metaspace       used 142996K, capacity 148611K, committed 151040K, reserved 647168K
  class space    used 18271K, capacity 20321K, committed 20992K, reserved 516096K
GC Heap History (20 events):
Event: 334.432 GC heap before
{Heap before GC invocations=83 (full 0):
 garbage-first heap   total 484352K, used 399564K [0x0000000080000000, 0x0000000100000000)
  region size 1024K, 92 young (94208K), 12 survivors (12288K)
 Metaspace       used 123462K, capacity 128948K, committed 129152K, reserved 628736K
  class space    used 15784K, capacity 17782K, committed 17792K, reserved 516096K
}
Event: 334.461 GC heap after
{Heap after GC invocations=84 (full 0):
 garbage-first heap   total 484352K, used 319115K [0x0000000080000000, 0x0000000100000000)
  region size 1024K, 2 young (2048K), 2 survivors (2048K)
 Metaspace       used 123462K, capacity 128948K, committed 129152K, reserved 628736K
  class space    used 15784K, capacity 17782K, committed 17792K, reserved 516096K
}
Event: 338.778 GC heap before
{Heap before GC invocations=84 (full 0):
 garbage-first heap   total 484352K, used 410251K [0x0000000080000000, 0x0000000100000000)
  region size 1024K, 84 young (86016K), 2 survivors (2048K)
 Metaspace       used 125712K, capacity 131312K, committed 131584K, reserved 630784K
  class space    used 16063K, capacity 18107K, committed 18176K, reserved 516096K
}
Event: 338.806 GC heap after
{Heap after GC invocations=85 (full 0):
 garbage-first heap   total 484352K, used 328643K [0x0000000080000000, 0x0000000100000000)
  region size 1024K, 10 young (10240K), 10 survivors (10240K)
 Metaspace       used 125712K, capacity 131312K, committed 131584K, reserved 630784K
  class space    used 16063K, capacity 18107K, committed 18176K, reserved 516096K
}
Event: 340.289 GC heap before
{Heap before GC invocations=85 (full 0):
 garbage-first heap   total 484352K, used 406467K [0x0000000080000000, 0x0000000100000000)
  region size 1024K, 87 young (89088K), 10 survivors (10240K)
 Metaspace       used 131448K, capacity 137265K, committed 137344K, reserved 634880K
  class space    used 16831K, capacity 18998K, committed 19072K, reserved 516096K
}
Event: 340.354 GC heap after
{Heap after GC invocations=86 (full 0):
 garbage-first heap   total 484352K, used 342383K [0x0000000080000000, 0x0000000100000000)
  region size 1024K, 11 young (11264K), 11 survivors (11264K)
 Metaspace       used 131448K, capacity 137265K, committed 137344K, reserved 634880K
  class space    used 16831K, capacity 18998K, committed 19072K, reserved 516096K
}
Event: 341.765 GC heap before
{Heap before GC invocations=86 (full 0):
 garbage-first heap   total 484352K, used 407919K [0x0000000080000000, 0x0000000100000000)
  region size 1024K, 75 young (76800K), 11 survivors (11264K)
 Metaspace       used 135039K, capacity 141011K, committed 141440K, reserved 638976K
  class space    used 17256K, capacity 19473K, committed 19584K, reserved 516096K
}
Event: 341.787 GC heap after
{Heap after GC invocations=87 (full 0):
 garbage-first heap   total 484352K, used 345102K [0x0000000080000000, 0x0000000100000000)
  region size 1024K, 3 young (3072K), 3 survivors (3072K)
 Metaspace       used 135039K, capacity 141011K, committed 141440K, reserved 638976K
  class space    used 17256K, capacity 19473K, committed 19584K, reserved 516096K
}
Event: 343.499 GC heap before
{Heap before GC invocations=87 (full 0):
 garbage-first heap   total 484352K, used 417806K [0x0000000080000000, 0x0000000100000000)
  region size 1024K, 67 young (68608K), 3 survivors (3072K)
 Metaspace       used 138331K, capacity 144527K, committed 144768K, reserved 641024K
  class space    used 17739K, capacity 20069K, committed 20096K, reserved 516096K
}
Event: 343.532 GC heap after
{Heap after GC invocations=88 (full 0):
 garbage-first heap   total 484352K, used 348648K [0x0000000080000000, 0x0000000100000000)
  region size 1024K, 5 young (5120K), 5 survivors (5120K)
 Metaspace       used 138331K, capacity 144527K, committed 144768K, reserved 641024K
  class space    used 17739K, capacity 20069K, committed 20096K, reserved 516096K
}
Event: 347.707 GC heap before
{Heap before GC invocations=88 (full 0):
 garbage-first heap   total 484352K, used 418280K [0x0000000080000000, 0x0000000100000000)
  region size 1024K, 63 young (64512K), 5 survivors (5120K)
 Metaspace       used 140276K, capacity 146645K, committed 146944K, reserved 643072K
  class space    used 18038K, capacity 20445K, committed 20480K, reserved 516096K
}
Event: 347.736 GC heap after
{Heap after GC invocations=89 (full 0):
 garbage-first heap   total 484352K, used 355871K [0x0000000080000000, 0x0000000100000000)
  region size 1024K, 6 young (6144K), 6 survivors (6144K)
 Metaspace       used 140276K, capacity 146645K, committed 146944K, reserved 643072K
  class space    used 18038K, capacity 20445K, committed 20480K, reserved 516096K
}
Event: 402.670 GC heap before
{Heap before GC invocations=90 (full 0):
 garbage-first heap   total 506880K, used 505375K [0x0000000080000000, 0x0000000100000000)
  region size 1024K, 20 young (20480K), 6 survivors (6144K)
 Metaspace       used 140809K, capacity 147072K, committed 147584K, reserved 643072K
  class space    used 18062K, capacity 20386K, committed 20608K, reserved 516096K
}
Event: 402.690 GC heap after
{Heap after GC invocations=91 (full 0):
 garbage-first heap   total 510976K, used 321387K [0x0000000080000000, 0x0000000100000000)
  region size 1024K, 2 young (2048K), 2 survivors (2048K)
 Metaspace       used 140809K, capacity 147072K, committed 147584K, reserved 643072K
  class space    used 18062K, capacity 20386K, committed 20608K, reserved 516096K
}
Event: 1125.733 GC heap before
{Heap before GC invocations=91 (full 0):
 garbage-first heap   total 510976K, used 342891K [0x0000000080000000, 0x0000000100000000)
  region size 1024K, 24 young (24576K), 2 survivors (2048K)
 Metaspace       used 140904K, capacity 147136K, committed 147584K, reserved 643072K
  class space    used 18062K, capacity 20386K, committed 20608K, reserved 516096K
}
Event: 1125.746 GC heap after
{Heap after GC invocations=92 (full 0):
 garbage-first heap   total 510976K, used 271120K [0x0000000080000000, 0x0000000100000000)
  region size 1024K, 2 young (2048K), 2 survivors (2048K)
 Metaspace       used 140904K, capacity 147136K, committed 147584K, reserved 643072K
  class space    used 18062K, capacity 20386K, committed 20608K, reserved 516096K
}
Event: 2103.084 GC heap before
{Heap before GC invocations=92 (full 0):
 garbage-first heap   total 510976K, used 293648K [0x0000000080000000, 0x0000000100000000)
  region size 1024K, 24 young (24576K), 2 survivors (2048K)
 Metaspace       used 140981K, capacity 147201K, committed 147840K, reserved 645120K
  class space    used 18062K, capacity 20386K, committed 20608K, reserved 516096K
}
Event: 2103.107 GC heap after
{Heap after GC invocations=93 (full 0):
 garbage-first heap   total 510976K, used 259142K [0x0000000080000000, 0x0000000100000000)
  region size 1024K, 2 young (2048K), 2 survivors (2048K)
 Metaspace       used 140981K, capacity 147201K, committed 147840K, reserved 645120K
  class space    used 18062K, capacity 20386K, committed 20608K, reserved 516096K
}
Event: 8145.626 GC heap before
{Heap before GC invocations=93 (full 0):
 garbage-first heap   total 510976K, used 396358K [0x0000000080000000, 0x0000000100000000)
  region size 1024K, 136 young (139264K), 2 survivors (2048K)
 Metaspace       used 141014K, capacity 147265K, committed 147840K, reserved 645120K
  class space    used 18062K, capacity 20386K, committed 20608K, reserved 516096K
}
Event: 8145.637 GC heap after
{Heap after GC invocations=94 (full 0):
 garbage-first heap   total 510976K, used 259127K [0x0000000080000000, 0x0000000100000000)
  region size 1024K, 2 young (2048K), 2 survivors (2048K)
 Metaspace       used 141014K, capacity 147265K, committed 147840K, reserved 645120K
  class space    used 18062K, capacity 20386K, committed 20608K, reserved 516096K
}

